[ 2016-05-19T00:16:32+08:00 ] ::1 /Admin181/Goods/Cate
INFO: [ app_init ] --START--
INFO: Run Behavior\BuildLiteBehavior [ RunTime:0.000008s ]
INFO: [ app_init ] --END-- [ RunTime:0.000216s ]
INFO: [ app_begin ] --START--
INFO: Run Behavior\ReadHtmlCacheBehavior [ RunTime:0.000330s ]
INFO: Run Behavior\CheckLangBehavior [ RunTime:0.000510s ]
INFO: [ app_begin ] --END-- [ RunTime:0.000889s ]
SQL: SHOW COLUMNS FROM `xy_admin` [ RunTime:0.0063s ]
SQL: SELECT * FROM `xy_admin` WHERE `id` = 1 LIMIT 1   [ RunTime:0.0002s ]
SQL: SHOW COLUMNS FROM `xy_cate` [ RunTime:0.0015s ]
SQL: SELECT * FROM `xy_cate`  [ RunTime:0.0001s ]
NOTIC: [8] Undefined index: son D:\xampp\htdocs\Application\Admin181\Controller\GoodsController.class.php 第 99 行.
INFO: [ view_parse ] --START--
INFO: [ template_filter ] --START--
INFO: Run Behavior\ContentReplaceBehavior [ RunTime:0.000061s ]
INFO: [ template_filter ] --END-- [ RunTime:0.000088s ]
NOTIC: [8] Array to string conversion D:\xampp\htdocs\Application\Runtime\Cache\Admin181\5459327e94cbd824c87be2f32f0a98a8.php 第 344 行.
INFO: Run Behavior\ParseTemplateBehavior [ RunTime:0.027488s ]
INFO: [ view_parse ] --END-- [ RunTime:0.027520s ]
INFO: [ view_filter ] --START--
INFO: Run Behavior\WriteHtmlCacheBehavior [ RunTime:0.000249s ]
INFO: [ view_filter ] --END-- [ RunTime:0.000272s ]
INFO: [ app_end ] --START--
INFO: Run Behavior\ShowPageTraceBehavior [ RunTime:0.000423s ]
INFO: [ app_end ] --END-- [ RunTime:0.000460s ]

[ 2016-05-19T00:16:32+08:00 ] ::1 /Admin181/Goods/Cate
INFO: [ app_init ] --START--
INFO: Run Behavior\BuildLiteBehavior [ RunTime:0.000007s ]
INFO: [ app_init ] --END-- [ RunTime:0.000200s ]
INFO: [ app_begin ] --START--
INFO: Run Behavior\ReadHtmlCacheBehavior [ RunTime:0.000337s ]
INFO: Run Behavior\CheckLangBehavior [ RunTime:0.000472s ]
INFO: [ app_begin ] --END-- [ RunTime:0.000850s ]
SQL: SHOW COLUMNS FROM `xy_admin` [ RunTime:0.0016s ]
SQL: SELECT * FROM `xy_admin` WHERE `id` = 1 LIMIT 1   [ RunTime:0.0001s ]
SQL: SHOW COLUMNS FROM `xy_cate` [ RunTime:0.0014s ]
SQL: SELECT * FROM `xy_cate`  [ RunTime:0.0001s ]
NOTIC: [8] Undefined index: son D:\xampp\htdocs\Application\Admin181\Controller\GoodsController.class.php 第 99 行.
INFO: [ view_parse ] --START--
INFO: [ template_filter ] --START--
INFO: Run Behavior\ContentReplaceBehavior [ RunTime:0.000058s ]
INFO: [ template_filter ] --END-- [ RunTime:0.000085s ]
NOTIC: [8] Array to string conversion D:\xampp\htdocs\Application\Runtime\Cache\Admin181\5459327e94cbd824c87be2f32f0a98a8.php 第 344 行.
INFO: Run Behavior\ParseTemplateBehavior [ RunTime:0.027729s ]
INFO: [ view_parse ] --END-- [ RunTime:0.027760s ]
INFO: [ view_filter ] --START--
INFO: Run Behavior\WriteHtmlCacheBehavior [ RunTime:0.000293s ]
INFO: [ view_filter ] --END-- [ RunTime:0.000315s ]
INFO: [ app_end ] --START--
INFO: Run Behavior\ShowPageTraceBehavior [ RunTime:0.000394s ]
INFO: [ app_end ] --END-- [ RunTime:0.000421s ]

