[ 2016-05-24T00:03:21+08:00 ] ::1 /Application/uploads/users/1/thumb57431b2638dbb.jpg
INFO: [ app_init ] --START--
INFO: Run Behavior\BuildLiteBehavior [ RunTime:0.000009s ]
INFO: [ app_init ] --END-- [ RunTime:0.000221s ]
ERR: 无法加载模块:Application

[ 2016-05-24T00:03:21+08:00 ] ::1 /Application/uploads/users/1/thumb57431b606b11f.jpg
INFO: [ app_init ] --START--
INFO: Run Behavior\BuildLiteBehavior [ RunTime:0.000009s ]
INFO: [ app_init ] --END-- [ RunTime:0.000210s ]
ERR: 无法加载模块:Application

[ 2016-05-24T00:09:26+08:00 ] ::1 /Application/uploads/users/1/thumb57431b2638dbb.jpg
INFO: [ app_init ] --START--
INFO: Run Behavior\BuildLiteBehavior [ RunTime:0.000013s ]
INFO: [ app_init ] --END-- [ RunTime:0.000325s ]
ERR: 无法加载模块:Application

[ 2016-05-24T00:09:32+08:00 ] ::1 /Application/uploads/users/1/thumb57431b606b11f.jpg
INFO: [ app_init ] --START--
INFO: Run Behavior\BuildLiteBehavior [ RunTime:0.000010s ]
INFO: [ app_init ] --END-- [ RunTime:0.000256s ]
ERR: 无法加载模块:Application

[ 2016-05-24T00:09:32+08:00 ] ::1 /Application/uploads/users/1/thumb57431b2638dbb.jpg
INFO: [ app_init ] --START--
INFO: Run Behavior\BuildLiteBehavior [ RunTime:0.000010s ]
INFO: [ app_init ] --END-- [ RunTime:0.000269s ]
ERR: 无法加载模块:Application

[ 2016-05-24T00:09:43+08:00 ] ::1 /Application/uploads/users/1/thumb57431b606b11f.jpg
INFO: [ app_init ] --START--
INFO: Run Behavior\BuildLiteBehavior [ RunTime:0.000008s ]
INFO: [ app_init ] --END-- [ RunTime:0.000208s ]
ERR: 无法加载模块:Application

[ 2016-05-24T00:09:43+08:00 ] ::1 /Application/uploads/users/1/thumb57431b2638dbb.jpg
INFO: [ app_init ] --START--
INFO: Run Behavior\BuildLiteBehavior [ RunTime:0.000012s ]
INFO: [ app_init ] --END-- [ RunTime:0.000319s ]
ERR: 无法加载模块:Application

[ 2016-05-24T00:11:19+08:00 ] ::1 /Application/uploads/users/1/thumb57431b2638dbb.jpg
INFO: [ app_init ] --START--
INFO: Run Behavior\BuildLiteBehavior [ RunTime:0.000006s ]
INFO: [ app_init ] --END-- [ RunTime:0.000196s ]
ERR: 无法加载模块:Application

[ 2016-05-24T00:11:19+08:00 ] ::1 /Application/uploads/users/1/thumb57431b606b11f.jpg
INFO: [ app_init ] --START--
INFO: Run Behavior\BuildLiteBehavior [ RunTime:0.000009s ]
INFO: [ app_init ] --END-- [ RunTime:0.000364s ]
ERR: 无法加载模块:Application

[ 2016-05-24T00:11:19+08:00 ] ::1 /Application/uploads/users/1/thumb57431b606b11f.jpg
INFO: [ app_init ] --START--
INFO: Run Behavior\BuildLiteBehavior [ RunTime:0.000007s ]
INFO: [ app_init ] --END-- [ RunTime:0.000271s ]
ERR: 无法加载模块:Application

[ 2016-05-24T00:11:19+08:00 ] ::1 /Application/uploads/users/1/thumb57431b2638dbb.jpg
INFO: [ app_init ] --START--
INFO: Run Behavior\BuildLiteBehavior [ RunTime:0.000007s ]
INFO: [ app_init ] --END-- [ RunTime:0.000173s ]
ERR: 无法加载模块:Application

[ 2016-05-24T00:11:33+08:00 ] ::1 /Application/uploads/users/1/thumb57431b2638dbb.jpg
INFO: [ app_init ] --START--
INFO: Run Behavior\BuildLiteBehavior [ RunTime:0.000007s ]
INFO: [ app_init ] --END-- [ RunTime:0.000183s ]
ERR: 无法加载模块:Application

[ 2016-05-24T00:11:33+08:00 ] ::1 /Application/uploads/users/1/thumb57431b2638b07.jpg
INFO: [ app_init ] --START--
INFO: Run Behavior\BuildLiteBehavior [ RunTime:0.000006s ]
INFO: [ app_init ] --END-- [ RunTime:0.000238s ]
ERR: 无法加载模块:Application

[ 2016-05-24T00:13:24+08:00 ] ::1 /Application/uploads/users/2/thumb5741a21a36f0e.jpg
INFO: [ app_init ] --START--
INFO: Run Behavior\BuildLiteBehavior [ RunTime:0.000008s ]
INFO: [ app_init ] --END-- [ RunTime:0.000187s ]
ERR: 无法加载模块:Application

[ 2016-05-24T00:13:24+08:00 ] ::1 /Application/uploads/users/2/thumb5741a27fd2f0f.jpg
INFO: [ app_init ] --START--
INFO: Run Behavior\BuildLiteBehavior [ RunTime:0.000008s ]
INFO: [ app_init ] --END-- [ RunTime:0.000197s ]
ERR: 无法加载模块:Application

[ 2016-05-24T00:13:26+08:00 ] ::1 /Application/uploads/users/2/thumb5741a27fd2f0f.jpg
INFO: [ app_init ] --START--
INFO: Run Behavior\BuildLiteBehavior [ RunTime:0.000007s ]
INFO: [ app_init ] --END-- [ RunTime:0.000182s ]
ERR: 无法加载模块:Application

[ 2016-05-24T00:13:26+08:00 ] ::1 /Application/uploads/users/2/thumb5741a21a36f0e.jpg
INFO: [ app_init ] --START--
INFO: Run Behavior\BuildLiteBehavior [ RunTime:0.000007s ]
INFO: [ app_init ] --END-- [ RunTime:0.000177s ]
ERR: 无法加载模块:Application

[ 2016-05-24T00:13:27+08:00 ] ::1 /Application/uploads/users/2/thumb5741a27fd2f0f.jpg
INFO: [ app_init ] --START--
INFO: Run Behavior\BuildLiteBehavior [ RunTime:0.000007s ]
INFO: [ app_init ] --END-- [ RunTime:0.000330s ]
ERR: 无法加载模块:Application

[ 2016-05-24T00:13:27+08:00 ] ::1 /Application/uploads/users/2/thumb5741a21a36f0e.jpg
INFO: [ app_init ] --START--
INFO: Run Behavior\BuildLiteBehavior [ RunTime:0.000009s ]
INFO: [ app_init ] --END-- [ RunTime:0.000328s ]
ERR: 无法加载模块:Application

[ 2016-05-24T00:13:28+08:00 ] ::1 /Application/uploads/users/2/thumb5741a21a36f0e.jpg
INFO: [ app_init ] --START--
INFO: Run Behavior\BuildLiteBehavior [ RunTime:0.000009s ]
INFO: [ app_init ] --END-- [ RunTime:0.000183s ]
ERR: 无法加载模块:Application

[ 2016-05-24T00:13:28+08:00 ] ::1 /Application/uploads/users/2/thumb5741a27fd2f0f.jpg
INFO: [ app_init ] --START--
INFO: Run Behavior\BuildLiteBehavior [ RunTime:0.000006s ]
INFO: [ app_init ] --END-- [ RunTime:0.000185s ]
ERR: 无法加载模块:Application

[ 2016-05-24T00:13:28+08:00 ] ::1 /Application/uploads/users/2/thumb5741a27fd2f0f.jpg
INFO: [ app_init ] --START--
INFO: Run Behavior\BuildLiteBehavior [ RunTime:0.000007s ]
INFO: [ app_init ] --END-- [ RunTime:0.000194s ]
ERR: 无法加载模块:Application

[ 2016-05-24T00:13:28+08:00 ] ::1 /Application/uploads/users/2/thumb5741a21a36f0e.jpg
INFO: [ app_init ] --START--
INFO: Run Behavior\BuildLiteBehavior [ RunTime:0.000009s ]
INFO: [ app_init ] --END-- [ RunTime:0.000286s ]
ERR: 无法加载模块:Application

[ 2016-05-24T00:13:29+08:00 ] ::1 /Application/uploads/users/2/thumb5741a27fd2f0f.jpg
INFO: [ app_init ] --START--
INFO: Run Behavior\BuildLiteBehavior [ RunTime:0.000007s ]
INFO: [ app_init ] --END-- [ RunTime:0.000194s ]
ERR: 无法加载模块:Application

[ 2016-05-24T00:13:29+08:00 ] ::1 /Application/uploads/users/2/thumb5741a21a36f0e.jpg
INFO: [ app_init ] --START--
INFO: Run Behavior\BuildLiteBehavior [ RunTime:0.000007s ]
INFO: [ app_init ] --END-- [ RunTime:0.000190s ]
ERR: 无法加载模块:Application

[ 2016-05-24T00:13:29+08:00 ] ::1 /Application/uploads/users/2/thumb5741a21a36f0e.jpg
INFO: [ app_init ] --START--
INFO: Run Behavior\BuildLiteBehavior [ RunTime:0.000007s ]
INFO: [ app_init ] --END-- [ RunTime:0.000176s ]
ERR: 无法加载模块:Application

[ 2016-05-24T00:13:29+08:00 ] ::1 /Application/uploads/users/2/thumb5741a27fd2f0f.jpg
INFO: [ app_init ] --START--
INFO: Run Behavior\BuildLiteBehavior [ RunTime:0.000006s ]
INFO: [ app_init ] --END-- [ RunTime:0.000190s ]
ERR: 无法加载模块:Application

[ 2016-05-24T00:23:41+08:00 ] ::1 /Application/uploads/users/1/shop_identify.jpg
INFO: [ app_init ] --START--
INFO: Run Behavior\BuildLiteBehavior [ RunTime:0.000007s ]
INFO: [ app_init ] --END-- [ RunTime:0.000199s ]
ERR: 无法加载模块:Application

[ 2016-05-24T00:23:49+08:00 ] ::1 /Application/uploads/users/1/shop_identify.jpg
INFO: [ app_init ] --START--
INFO: Run Behavior\BuildLiteBehavior [ RunTime:0.000007s ]
INFO: [ app_init ] --END-- [ RunTime:0.000208s ]
ERR: 无法加载模块:Application

